<?xml version="1.0" encoding="UTF-8"?>
<testng-results ignored="0" total="2" passed="2" failed="0" skipped="0">
  <reporter-output>
  </reporter-output>
  <suite started-at="2025-12-05T10:44:48 IST" name="Default suite" finished-at="2025-12-05T10:44:48 IST" duration-ms="68">
    <groups>
    </groups>
    <test started-at="2025-12-05T10:44:48 IST" name="Default test" finished-at="2025-12-05T10:44:48 IST" duration-ms="68">
      <class name="TestNG.Sampletest">
        <test-method is-config="true" signature="browser()[pri:0, instance:TestNG.Sampletest@47eaca72]" started-at="2025-12-05T10:44:48 IST" name="browser" finished-at="2025-12-05T10:44:48 IST" duration-ms="7" status="PASS">
          <reporter-output>
          </reporter-output>
        </test-method> <!-- browser -->
        <test-method signature="login()[pri:-2, instance:TestNG.Sampletest@47eaca72]" started-at="2025-12-05T10:44:48 IST" name="login" finished-at="2025-12-05T10:44:48 IST" duration-ms="8" status="PASS">
          <reporter-output>
          </reporter-output>
        </test-method> <!-- login -->
        <test-method is-config="true" signature="browser()[pri:0, instance:TestNG.Sampletest@47eaca72]" started-at="2025-12-05T10:44:48 IST" name="browser" finished-at="2025-12-05T10:44:48 IST" duration-ms="1" status="PASS">
          <reporter-output>
          </reporter-output>
        </test-method> <!-- browser -->
        <test-method signature="logout()[pri:1, instance:TestNG.Sampletest@47eaca72]" started-at="2025-12-05T10:44:48 IST" name="logout" finished-at="2025-12-05T10:44:48 IST" duration-ms="3" status="PASS">
          <reporter-output>
          </reporter-output>
        </test-method> <!-- logout -->
      </class> <!-- TestNG.Sampletest -->
    </test> <!-- Default test -->
  </suite> <!-- Default suite -->
</testng-results>
